2024-09-07 15:49:43.037048: I tensorflow/core/platform/cpu_feature_guard.cc:193] This TensorFlow binary is optimized with oneAPI Deep Neural Network Library (oneDNN) to use the following CPU instructions in performance-critical operations:  AVX2 FMA
To enable them in other operations, rebuild TensorFlow with the appropriate compiler flags.
2024-09-07 15:49:43.171535: E tensorflow/stream_executor/cuda/cuda_blas.cc:2981] Unable to register cuBLAS factory: Attempting to register factory for plugin cuBLAS when one has already been registered
2024-09-07 15:49:43.881324: W tensorflow/stream_executor/platform/default/dso_loader.cc:64] Could not load dynamic library 'libnvinfer.so.7'; dlerror: libnvinfer.so.7: cannot open shared object file: No such file or directory; LD_LIBRARY_PATH: /opt/apps/anaconda3/lib::/home/shyahia/miniconda3/lib
2024-09-07 15:49:43.881405: W tensorflow/stream_executor/platform/default/dso_loader.cc:64] Could not load dynamic library 'libnvinfer_plugin.so.7'; dlerror: libnvinfer_plugin.so.7: cannot open shared object file: No such file or directory; LD_LIBRARY_PATH: /opt/apps/anaconda3/lib::/home/shyahia/miniconda3/lib
2024-09-07 15:49:43.881412: W tensorflow/compiler/tf2tensorrt/utils/py_utils.cc:38] TF-TRT Warning: Cannot dlopen some TensorRT libraries. If you would like to use Nvidia GPU with TensorRT, please make sure the missing libraries mentioned above are installed properly.
2024-09-07 15:49:45.468652: I tensorflow/core/platform/cpu_feature_guard.cc:193] This TensorFlow binary is optimized with oneAPI Deep Neural Network Library (oneDNN) to use the following CPU instructions in performance-critical operations:  AVX2 FMA
To enable them in other operations, rebuild TensorFlow with the appropriate compiler flags.
2024-09-07 15:49:46.203539: I tensorflow/core/common_runtime/gpu/gpu_device.cc:1616] Created device /job:localhost/replica:0/task:0/device:GPU:0 with 79121 MB memory:  -> device: 0, name: NVIDIA A100-SXM4-80GB, pci bus id: 0000:b7:00.0, compute capability: 8.0
2024-09-07 15:51:04.644745: I tensorflow/stream_executor/cuda/cuda_dnn.cc:384] Loaded cuDNN version 8100
2024-09-07 15:51:05.379636: I tensorflow/core/platform/default/subprocess.cc:304] Start cannot spawn child process: No such file or directory
2024-09-07 15:51:05.380441: I tensorflow/core/platform/default/subprocess.cc:304] Start cannot spawn child process: No such file or directory
2024-09-07 15:51:05.380457: W tensorflow/stream_executor/gpu/asm_compiler.cc:80] Couldn't get ptxas version string: INTERNAL: Couldn't invoke ptxas --version
2024-09-07 15:51:05.381172: I tensorflow/core/platform/default/subprocess.cc:304] Start cannot spawn child process: No such file or directory
2024-09-07 15:51:05.381224: W tensorflow/stream_executor/gpu/redzone_allocator.cc:314] INTERNAL: Failed to launch ptxas
Relying on driver to perform ptx compilation. 
Modify $PATH to customize ptxas location.
This message will be only logged once.
2024-09-07 15:51:07.448756: I tensorflow/stream_executor/cuda/cuda_blas.cc:1614] TensorFloat-32 will be used for the matrix multiplication. This will only be logged once.
WARNING:absl:Found untraced functions such as _jit_compiled_convolution_op, _jit_compiled_convolution_op, _jit_compiled_convolution_op, _jit_compiled_convolution_op, _jit_compiled_convolution_op while saving (showing 5 of 64). These functions will not be directly callable after loading.
/home/shyahia/myenv/lib/python3.10/site-packages/numpy/core/fromnumeric.py:3504: RuntimeWarning: Mean of empty slice.
  return _methods._mean(a, axis=axis, dtype=dtype,
/home/shyahia/myenv/lib/python3.10/site-packages/numpy/core/_methods.py:129: RuntimeWarning: invalid value encountered in scalar divide
  ret = ret.dtype.type(ret / rcount)
Closing remaining open files:/RG/rg-tsur/shyahia/Dataset/h5_140823.hdf5...done/RG/rg-tsur/shyahia/Dataset/h5_140823.hdf5...done/RG/rg-tsur/shyahia/Dataset/h5_140823.hdf5...done
